00:42:29 INFO  : Registering command handlers for SDK TCF services
00:42:29 INFO  : Launching XSCT server: xsct -n -interactive /home/luminoso/UA-work/github/Microblaze/Microblaze.sdk/temp_xsdb_launch_script.tcl
00:42:29 ERROR : (XSDB Server)awk: symbol lookup error: awk: undefined symbol: mpfr_z_sub

00:42:31 INFO  : XSCT server has started successfully.
00:42:31 INFO  : Successfully done setting XSCT server connection channel  
00:42:32 INFO  : Successfully done setting SDK workspace  
00:42:32 INFO  : Processing command line option -hwspec /home/luminoso/UA-work/github/Microblaze/Microblaze.sdk/design_1_wrapper.hdf.
00:42:32 ERROR : Failed to openhw "/home/luminoso/UA-work/github/Microblaze/Microblaze.sdk/design_1_wrapper_hw_platform_3/system.hdf"
Reason: unable to find hardware specification file/project /home/luminoso/UA-work/github/Microblaze/Microblaze.sdk/design_1_wrapper_hw_platform_3/system.hdf
00:42:46 INFO  : 'targets -set -filter {jtag_cable_name =~ "Digilent Nexys4DDR 210292745326A" && level==0} -index 0' command is executed.
00:42:46 INFO  : 'fpga -state' command is executed.
00:42:46 INFO  : Connected to target on host '127.0.0.1' and port '3121'.
00:42:46 INFO  : Jtag cable 'Digilent Nexys4DDR 210292745326A' is selected.
00:42:46 INFO  : 'jtag frequency' command is executed.
00:42:46 INFO  : Context for processor 'microblaze_0' is selected.
00:42:46 INFO  : Hardware design information is loaded from '/home/luminoso/UA-work/github/Microblaze/Microblaze.sdk/design_1_wrapper_hw_platform_0/system.hdf'.
00:42:46 INFO  : Context for processor 'microblaze_0' is selected.
00:42:46 INFO  : Processor reset is completed for 'microblaze_0'.
00:42:46 INFO  : Context for processor 'microblaze_0' is selected.
00:42:47 INFO  : The application '/home/luminoso/UA-work/github/Microblaze/Microblaze.sdk/FillRam/Debug/FillRam.elf' is downloaded to processor 'microblaze_0'.
00:42:47 INFO  : ----------------XSDB Script----------------
connect -url tcp:127.0.0.1:3121
targets -set -nocase -filter {name =~ "microblaze*#0" && bscan=="USER2"  && jtag_cable_name =~ "Digilent Nexys4DDR 210292745326A"} -index 0
loadhw /home/luminoso/UA-work/github/Microblaze/Microblaze.sdk/design_1_wrapper_hw_platform_0/system.hdf
targets -set -nocase -filter {name =~ "microblaze*#0" && bscan=="USER2"  && jtag_cable_name =~ "Digilent Nexys4DDR 210292745326A"} -index 0
rst -processor
targets -set -nocase -filter {name =~ "microblaze*#0" && bscan=="USER2"  && jtag_cable_name =~ "Digilent Nexys4DDR 210292745326A"} -index 0
dow /home/luminoso/UA-work/github/Microblaze/Microblaze.sdk/FillRam/Debug/FillRam.elf
----------------End of Script----------------

00:42:47 INFO  : Memory regions updated for context MicroBlaze #0
00:42:47 INFO  : Memory regions updated for context MicroBlaze #0
00:42:47 INFO  : Context for processor 'microblaze_0' is selected.
00:42:47 INFO  : 'con' command is executed.
00:42:47 INFO  : ----------------XSDB Script (After Launch)----------------
targets -set -nocase -filter {name =~ "microblaze*#0" && bscan=="USER2"  && jtag_cable_name =~ "Digilent Nexys4DDR 210292745326A"} -index 0
con
----------------End of Script----------------

00:42:47 INFO  : Launch script is exported to file '/home/luminoso/UA-work/github/Microblaze/Microblaze.sdk/.sdk/launch_scripts/xilinx_c-c++_application_(system_debugger)/system_debugger_using_debug_fillram.elf_on_local.tcl'
00:44:45 INFO  : Disconnected from the channel tcfchan#1.
00:46:16 INFO  : Registering command handlers for SDK TCF services
00:46:17 INFO  : Launching XSCT server: xsct -n -interactive /home/luminoso/UA-work/github/Microblaze/Microblaze.sdk/temp_xsdb_launch_script.tcl
00:46:17 ERROR : (XSDB Server)awk: symbol lookup error: awk: undefined symbol: mpfr_z_sub

00:46:18 INFO  : XSCT server has started successfully.
00:46:18 INFO  : Successfully done setting XSCT server connection channel  
00:46:19 INFO  : Successfully done setting SDK workspace  
00:46:19 INFO  : Processing command line option -hwspec /home/luminoso/UA-work/github/Microblaze/Microblaze.sdk/design_1_wrapper.hdf.
00:46:20 INFO  : Checking for hwspec changes in the project design_1_wrapper_hw_platform_5.
