00:42:44 **** Incremental Build of configuration Debug for project FillRam ****
make all 
make: Nothing to be done for 'all'.
00:46:22 **** Clean-only build of configuration Debug for project FillRam ****
make clean 
rm -rf  ./src/FillRam.o ./src/platform.o  ./src/FillRam.d ./src/platform.d  FillRam.elf.size  FillRam.elf
 
00:46:22 **** Clean-only build of project FillRam_bsp ****
make -k clean 
rm -f microblaze_0/lib/libxil.a
00:46:22 **** Build of project FillRam_bsp ****
make -k all 
Running Make include in microblaze_0/libsrc/bram_v4_1/src
make -C microblaze_0/libsrc/bram_v4_1/src -s include  "SHELL=/bin/sh" "COMPILER=mb-gcc" "ARCHIVER=mb-ar" "COMPILER_FLAGS= -O2 -c -mcpu=v10.0 -mlittle-endian -mxl-soft-mul" "EXTRA_COMPILER_FLAGS=-g"
Running Make include in microblaze_0/libsrc/uartlite_v3_2/src
make -C microblaze_0/libsrc/uartlite_v3_2/src -s include  "SHELL=/bin/sh" "COMPILER=mb-gcc" "ARCHIVER=mb-ar" "COMPILER_FLAGS= -O2 -c -mcpu=v10.0 -mlittle-endian -mxl-soft-mul" "EXTRA_COMPILER_FLAGS=-g"
Running Make include in microblaze_0/libsrc/gpio_v4_3/src
make -C microblaze_0/libsrc/gpio_v4_3/src -s include  "SHELL=/bin/sh" "COMPILER=mb-gcc" "ARCHIVER=mb-ar" "COMPILER_FLAGS= -O2 -c -mcpu=v10.0 -mlittle-endian -mxl-soft-mul" "EXTRA_COMPILER_FLAGS=-g"
Running Make include in microblaze_0/libsrc/standalone_v6_1/src
make -C microblaze_0/libsrc/standalone_v6_1/src -s include  "SHELL=/bin/sh" "COMPILER=mb-gcc" "ARCHIVER=mb-ar" "COMPILER_FLAGS= -O2 -c -mcpu=v10.0 -mlittle-endian -mxl-soft-mul" "EXTRA_COMPILER_FLAGS=-g"
Running Make include in microblaze_0/libsrc/cpu_v2_5/src
make -C microblaze_0/libsrc/cpu_v2_5/src -s include  "SHELL=/bin/sh" "COMPILER=mb-gcc" "ARCHIVER=mb-ar" "COMPILER_FLAGS= -O2 -c -mcpu=v10.0 -mlittle-endian -mxl-soft-mul" "EXTRA_COMPILER_FLAGS=-g"
Running Make libs in microblaze_0/libsrc/bram_v4_1/src
make -C microblaze_0/libsrc/bram_v4_1/src -s libs  "SHELL=/bin/sh" "COMPILER=mb-gcc" "ARCHIVER=mb-ar" "COMPILER_FLAGS= -O2 -c -mcpu=v10.0 -mlittle-endian -mxl-soft-mul" "EXTRA_COMPILER_FLAGS=-g"
Compiling bram
mb-ar: creating ../../../lib/libxil.a
Running Make libs in microblaze_0/libsrc/uartlite_v3_2/src
make -C microblaze_0/libsrc/uartlite_v3_2/src -s libs  "SHELL=/bin/sh" "COMPILER=mb-gcc" "ARCHIVER=mb-ar" "COMPILER_FLAGS= -O2 -c -mcpu=v10.0 -mlittle-endian -mxl-soft-mul" "EXTRA_COMPILER_FLAGS=-g"
Compiling uartlite
Running Make libs in microblaze_0/libsrc/gpio_v4_3/src
make -C microblaze_0/libsrc/gpio_v4_3/src -s libs  "SHELL=/bin/sh" "COMPILER=mb-gcc" "ARCHIVER=mb-ar" "COMPILER_FLAGS= -O2 -c -mcpu=v10.0 -mlittle-endian -mxl-soft-mul" "EXTRA_COMPILER_FLAGS=-g"
Compiling gpio
Running Make libs in microblaze_0/libsrc/standalone_v6_1/src
make -C microblaze_0/libsrc/standalone_v6_1/src -s libs  "SHELL=/bin/sh" "COMPILER=mb-gcc" "ARCHIVER=mb-ar" "COMPILER_FLAGS= -O2 -c -mcpu=v10.0 -mlittle-endian -mxl-soft-mul" "EXTRA_COMPILER_FLAGS=-g"
Compiling standalone
Running Make libs in microblaze_0/libsrc/cpu_v2_5/src
make -C microblaze_0/libsrc/cpu_v2_5/src -s libs  "SHELL=/bin/sh" "COMPILER=mb-gcc" "ARCHIVER=mb-ar" "COMPILER_FLAGS= -O2 -c -mcpu=v10.0 -mlittle-endian -mxl-soft-mul" "EXTRA_COMPILER_FLAGS=-g"
Compiling cpu
Finished building libraries
